# JRE version: OpenJDK Runtime Environment Temurin-21.0.10+7 (21.0.10+7) (build 21.0.10+7-LTS)
# Java VM: OpenJDK 64-Bit Server VM Temurin-21.0.10+7 (21.0.10+7-LTS, mixed mode, sharing, tiered, compressed oops, compressed class ptrs, g1 gc, windows-amd64)
GC Precious Log:
 CardTable entry size: 512
 Card Set container configuration: InlinePtr #cards 4 size 8 Array Of Cards #cards 32 size 80 Howl #buckets 8 coarsen threshold 7372 Howl Bitmap #cards 1024 size 144 coarsen threshold 921 Card regions per heap region 1 cards per card region 8192
 CPUs: 12 total, 12 available
 Memory: 15773M
 Large Page Support: Disabled
 NUMA Support: Disabled
 Compressed Oops: Enabled (Zero based)
 Heap Region Size: 4M
 Heap Min Capacity: 8M
 Heap Initial Capacity: 248M
 Heap Max Capacity: 8G
 Pre-touch: Disabled
 Parallel Workers: 10
 Concurrent Workers: 3
 Concurrent Refinement Workers: 10
 Periodic GC: Disabled
Heap:
 garbage-first heap   total 212992K, used 177683K [0x0000000600000000, 0x0000000800000000)
  region size 4096K, 16 young (65536K), 2 survivors (8192K)
 Metaspace       used 105359K, committed 107776K, reserved 1179648K
  class space    used 15089K, committed 16320K, reserved 1048576K
GC Heap History (20 events):
Event: 30.051 GC heap before
{Heap before GC invocations=27 (full 0):
 garbage-first heap   total 151552K, used 121717K [0x0000000600000000, 0x0000000800000000)
  region size 4096K, 11 young (45056K), 2 survivors (8192K)
 Metaspace       used 78919K, committed 81088K, reserved 1179648K
  class space    used 11492K, committed 12544K, reserved 1048576K
}
Event: 30.055 GC heap after
{Heap after GC invocations=28 (full 0):
 garbage-first heap   total 151552K, used 86105K [0x0000000600000000, 0x0000000800000000)
  region size 4096K, 2 young (8192K), 2 survivors (8192K)
 Metaspace       used 78919K, committed 81088K, reserved 1179648K
  class space    used 11492K, committed 12544K, reserved 1048576K
}
Event: 31.190 GC heap before
{Heap before GC invocations=28 (full 0):
 garbage-first heap   total 151552K, used 131161K [0x0000000600000000, 0x0000000800000000)
  region size 4096K, 14 young (57344K), 2 survivors (8192K)
 Metaspace       used 79157K, committed 81280K, reserved 1179648K
  class space    used 11515K, committed 12544K, reserved 1048576K
}
Event: 31.194 GC heap after
{Heap after GC invocations=29 (full 0):
 garbage-first heap   total 155648K, used 91446K [0x0000000600000000, 0x0000000800000000)
  region size 4096K, 2 young (8192K), 2 survivors (8192K)
 Metaspace       used 79157K, committed 81280K, reserved 1179648K
  class space    used 11515K, committed 12544K, reserved 1048576K
}
Event: 32.459 GC heap before
{Heap before GC invocations=29 (full 0):
 garbage-first heap   total 155648K, used 132406K [0x0000000600000000, 0x0000000800000000)
  region size 4096K, 13 young (53248K), 2 survivors (8192K)
 Metaspace       used 80865K, committed 83072K, reserved 1179648K
  class space    used 11707K, committed 12800K, reserved 1048576K
}
Event: 32.464 GC heap after
{Heap after GC invocations=30 (full 0):
 garbage-first heap   total 159744K, used 105437K [0x0000000600000000, 0x0000000800000000)
  region size 4096K, 2 young (8192K), 2 survivors (8192K)
 Metaspace       used 80865K, committed 83072K, reserved 1179648K
  class space    used 11707K, committed 12800K, reserved 1048576K
}
Event: 32.722 GC heap before
{Heap before GC invocations=31 (full 0):
 garbage-first heap   total 180224K, used 134109K [0x0000000600000000, 0x0000000800000000)
  region size 4096K, 10 young (40960K), 2 survivors (8192K)
 Metaspace       used 83965K, committed 86336K, reserved 1179648K
  class space    used 12063K, committed 13248K, reserved 1048576K
}
Event: 32.724 GC heap after
{Heap after GC invocations=32 (full 0):
 garbage-first heap   total 180224K, used 107100K [0x0000000600000000, 0x0000000800000000)
  region size 4096K, 1 young (4096K), 1 survivors (4096K)
 Metaspace       used 83965K, committed 86336K, reserved 1179648K
  class space    used 12063K, committed 13248K, reserved 1048576K
}
Event: 33.059 GC heap before
{Heap before GC invocations=32 (full 0):
 garbage-first heap   total 180224K, used 148060K [0x0000000600000000, 0x0000000800000000)
  region size 4096K, 12 young (49152K), 1 survivors (4096K)
 Metaspace       used 86998K, committed 89344K, reserved 1179648K
  class space    used 12437K, committed 13568K, reserved 1048576K
}
Event: 33.063 GC heap after
{Heap after GC invocations=33 (full 0):
 garbage-first heap   total 180224K, used 111643K [0x0000000600000000, 0x0000000800000000)
  region size 4096K, 2 young (8192K), 2 survivors (8192K)
 Metaspace       used 86998K, committed 89344K, reserved 1179648K
  class space    used 12437K, committed 13568K, reserved 1048576K
}
Event: 33.603 GC heap before
{Heap before GC invocations=33 (full 0):
 garbage-first heap   total 180224K, used 152603K [0x0000000600000000, 0x0000000800000000)
  region size 4096K, 12 young (49152K), 2 survivors (8192K)
 Metaspace       used 89958K, committed 92224K, reserved 1179648K
  class space    used 12819K, committed 13952K, reserved 1048576K
}
Event: 33.607 GC heap after
{Heap after GC invocations=34 (full 0):
 garbage-first heap   total 180224K, used 114680K [0x0000000600000000, 0x0000000800000000)
  region size 4096K, 1 young (4096K), 1 survivors (4096K)
 Metaspace       used 89958K, committed 92224K, reserved 1179648K
  class space    used 12819K, committed 13952K, reserved 1048576K
}
Event: 33.939 GC heap before
{Heap before GC invocations=35 (full 0):
 garbage-first heap   total 200704K, used 155640K [0x0000000600000000, 0x0000000800000000)
  region size 4096K, 11 young (45056K), 1 survivors (4096K)
 Metaspace       used 92357K, committed 94720K, reserved 1179648K
  class space    used 13149K, committed 14336K, reserved 1048576K
}
Event: 33.941 GC heap after
{Heap after GC invocations=36 (full 0):
 garbage-first heap   total 200704K, used 117199K [0x0000000600000000, 0x0000000800000000)
  region size 4096K, 2 young (8192K), 2 survivors (8192K)
 Metaspace       used 92357K, committed 94720K, reserved 1179648K
  class space    used 13149K, committed 14336K, reserved 1048576K
}
Event: 34.468 GC heap before
{Heap before GC invocations=36 (full 0):
 garbage-first heap   total 200704K, used 170447K [0x0000000600000000, 0x0000000800000000)
  region size 4096K, 15 young (61440K), 2 survivors (8192K)
 Metaspace       used 95605K, committed 97984K, reserved 1179648K
  class space    used 13610K, committed 14784K, reserved 1048576K
}
Event: 34.473 GC heap after
{Heap after GC invocations=37 (full 0):
 garbage-first heap   total 200704K, used 120624K [0x0000000600000000, 0x0000000800000000)
  region size 4096K, 2 young (8192K), 2 survivors (8192K)
 Metaspace       used 95605K, committed 97984K, reserved 1179648K
  class space    used 13610K, committed 14784K, reserved 1048576K
}
Event: 35.257 GC heap before
{Heap before GC invocations=37 (full 0):
 garbage-first heap   total 200704K, used 173872K [0x0000000600000000, 0x0000000800000000)
  region size 4096K, 15 young (61440K), 2 survivors (8192K)
 Metaspace       used 97720K, committed 100160K, reserved 1179648K
  class space    used 13901K, committed 15104K, reserved 1048576K
}
Event: 35.263 GC heap after
{Heap after GC invocations=38 (full 0):
 garbage-first heap   total 200704K, used 123158K [0x0000000600000000, 0x0000000800000000)
  region size 4096K, 1 young (4096K), 1 survivors (4096K)
 Metaspace       used 97720K, committed 100160K, reserved 1179648K
  class space    used 13901K, committed 15104K, reserved 1048576K
}
Event: 35.829 GC heap before
{Heap before GC invocations=39 (full 0):
 garbage-first heap   total 212992K, used 176406K [0x0000000600000000, 0x0000000800000000)
  region size 4096K, 14 young (57344K), 1 survivors (4096K)
 Metaspace       used 101716K, committed 104128K, reserved 1179648K
  class space    used 14601K, committed 15808K, reserved 1048576K
}
Event: 35.831 GC heap after
{Heap after GC invocations=40 (full 0):
 garbage-first heap   total 212992K, used 124435K [0x0000000600000000, 0x0000000800000000)
  region size 4096K, 2 young (8192K), 2 survivors (8192K)
 Metaspace       used 101716K, committed 104128K, reserved 1179648K
  class space    used 14601K, committed 15808K, reserved 1048576K
}

